make: Entering directory `/Users/soongyukwon/Documents/Github.nosync/Xeon'
printf "\e[0;36m==> \e[1;36mNotice:\e[m %s\n" "Build may be slow as Theos isn’t using all available CPU cores on this computer. Consider upgrading GNU Make: https://theos.dev/docs/parallel-building"
 
mkdir -p /Users/soongyukwon/Documents/Github.nosync/Xeon/.theos
touch /Users/soongyukwon/Documents/Github.nosync/Xeon/.theos/build_session
\
abs_build_dir=.; \
if [[ "" != "" ]]; then \
  printf "\e[1;31m> \e[1;3;39m%s…\e[m\n" "Making all in subprojects of tweak Xeon"; \
  for d in ; do \
    d="${d%:*}"; \
    if [[ "${abs_build_dir}" = "." ]]; then \
      lbuilddir="."; \
    else \
      lbuilddir="${abs_build_dir}/$d"; \
    fi; \
    if /Applications/Xcode.app/Contents/Developer/usr/bin/make -C $d -f Makefile --no-keep-going COLOR=1 --no-print-directory all \
        THEOS_BUILD_DIR="$lbuilddir" \
       ; then\
       :; \
    else exit $?; \
    fi; \
  done; \
 fi; \
printf "\e[1;31m> \e[1;3;39m%s…\e[m\n" "Making all for tweak Xeon"; \
/Applications/Xcode.app/Contents/Developer/usr/bin/make -f Makefile --no-keep-going COLOR=1 --no-print-directory \
	internal-tweak-all \
	_THEOS_CURRENT_TYPE="tweak" \
	THEOS_CURRENT_INSTANCE="Xeon" \
	_THEOS_CURRENT_OPERATION="all" \
	THEOS_BUILD_DIR="."
 
[1;31m> [1;3;39mMaking all for tweak Xeon…[m
 
for i in Tweak.xm ./headers/UIImage+ScaledImage.m ./headers/UIImage+animatedGIF.m ./xeonprefs/XENCommon.m ./xeonprefs/XENGIFCommon.m; do \
		if [[ ! -f "$i" ]]; then \
			printf "\e[0;31m==> \e[1;31mError:\e[m %s\n" "File $i does not exist."  >&2; exit 1; \
		fi; \
	done
mkdir -p /Users/soongyukwon/Documents/Github.nosync/Xeon/.theos/obj
mkdir -p /Users/soongyukwon/Documents/Github.nosync/Xeon/.theos/obj/./headers/; touch /Users/soongyukwon/Documents/Github.nosync/Xeon/.theos/obj/./headers/.stamp
 
mkdir -p /Users/soongyukwon/Documents/Github.nosync/Xeon/.theos/obj/./xeonprefs/; touch /Users/soongyukwon/Documents/Github.nosync/Xeon/.theos/obj/./xeonprefs/.stamp
mkdir -p /Users/soongyukwon/Documents/Github.nosync/Xeon/.theos/obj/; touch /Users/soongyukwon/Documents/Github.nosync/Xeon/.theos/obj/.stamp
/Applications/Xcode.app/Contents/Developer/usr/bin/make -f Makefile --no-keep-going COLOR=1 --no-print-directory \
		internal-library-compile \
		_THEOS_CURRENT_TYPE=tweak THEOS_CURRENT_INSTANCE=Xeon _THEOS_CURRENT_OPERATION=compile \
		THEOS_BUILD_DIR="." _THEOS_MAKE_PARALLEL=yes
 
mkdir -p /Users/soongyukwon/Documents/Github.nosync/Xeon/.theos/obj/arm64
/Applications/Xcode.app/Contents/Developer/usr/bin/make -f Makefile --no-print-directory --no-keep-going internal-tweak-compile _THEOS_CURRENT_TYPE="tweak" THEOS_CURRENT_INSTANCE="Xeon" _THEOS_CURRENT_OPERATION="compile" THEOS_BUILD_DIR="." THEOS_CURRENT_ARCH="arm64"
 
(mkdir -p /Users/soongyukwon/Documents/Github.nosync/Xeon/.theos/obj/arm64/)
(printf "\e[0;3%im==> \e[1;39m%s…\e[m\n" 1 "Preprocessing Tweak.xm"); set -o pipefail; (/Users/soongyukwon/theos/bin/logos.pl -c warnings=error -c generator=MobileSubstrate    Tweak.xm > /Users/soongyukwon/Documents/Github.nosync/Xeon/.theos/obj/arm64/Tweak.xm.mm)
 
(mkdir -p /Users/soongyukwon/Documents/Github.nosync/Xeon/.theos/obj/arm64/)
(printf "\e[0;3%im==> \e[1;39m%s…\e[m\n" 2 "Compiling Tweak.xm (arm64)"); set -o pipefail; (/Applications/Xcode.app/Contents/Developer/Toolchains/XcodeDefault.xctoolchain/usr/bin/clang++ -x objective-c++ -c -I"/Users/soongyukwon/Documents/Github.nosync/Xeon" -I/Users/soongyukwon/theos/include -I/Users/soongyukwon/theos/vendor/include -I/Users/soongyukwon/theos/include/_fallback -include /Users/soongyukwon/theos/Prefix.pch -MT /Users/soongyukwon/Documents/Github.nosync/Xeon/.theos/obj/arm64/Tweak.xm.a14f1066.o -MMD -MP -MF "/Users/soongyukwon/Documents/Github.nosync/Xeon/.theos/obj/arm64/Tweak.xm.a14f1066.Td" -fcolor-diagnostics -DTARGET_IPHONE=1 -Os -Wall -ggdb -Werror  -isysroot "/Applications/Xcode.app/Contents/Developer/Platforms/iPhoneOS.platform/Developer/SDKs/iPhoneOS15.5.sdk" -target arm64-apple-ios9.0      -DTHEOS_INSTANCE_NAME="\"Xeon\"" -fmodules -fcxx-modules -fmodule-name=Xeon -fbuild-session-file=/Users/soongyukwon/Documents/Github.nosync/Xeon/.theos/build_session -fmodules-prune-after=345600 -fmodules-prune-interval=86400 -fmodules-validate-once-per-build-session  -arch arm64 -F/Users/soongyukwon/theos/vendor/lib -F/Users/soongyukwon/theos/lib  -fobjc-arc    -stdlib=libc++        /Users/soongyukwon/Documents/Github.nosync/Xeon/.theos/obj/arm64/Tweak.xm.mm -o /Users/soongyukwon/Documents/Github.nosync/Xeon/.theos/obj/arm64/Tweak.xm.a14f1066.o)
 
(mkdir -p /Users/soongyukwon/Documents/Github.nosync/Xeon/.theos/obj/arm64/./headers/)
(printf "\e[0;3%im==> \e[1;39m%s…\e[m\n" 2 "Compiling headers/UIImage+ScaledImage.m (arm64)"); set -o pipefail; (/Applications/Xcode.app/Contents/Developer/Toolchains/XcodeDefault.xctoolchain/usr/bin/clang++ -x objective-c -c -I/Users/soongyukwon/theos/include -I/Users/soongyukwon/theos/vendor/include -I/Users/soongyukwon/theos/include/_fallback -include /Users/soongyukwon/theos/Prefix.pch -MT /Users/soongyukwon/Documents/Github.nosync/Xeon/.theos/obj/arm64/./headers/UIImage+ScaledImage.m.a14f1066.o -MMD -MP -MF "/Users/soongyukwon/Documents/Github.nosync/Xeon/.theos/obj/arm64/headers/UIImage+ScaledImage.m.a14f1066.Td" -fcolor-diagnostics -DTARGET_IPHONE=1 -Os -Wall -ggdb -Werror  -isysroot "/Applications/Xcode.app/Contents/Developer/Platforms/iPhoneOS.platform/Developer/SDKs/iPhoneOS15.5.sdk" -target arm64-apple-ios9.0      -DTHEOS_INSTANCE_NAME="\"Xeon\"" -fmodules -fcxx-modules -fmodule-name=Xeon -fbuild-session-file=/Users/soongyukwon/Documents/Github.nosync/Xeon/.theos/build_session -fmodules-prune-after=345600 -fmodules-prune-interval=86400 -fmodules-validate-once-per-build-session  -arch arm64 -F/Users/soongyukwon/theos/vendor/lib -F/Users/soongyukwon/theos/lib  -fobjc-arc   headers/UIImage+ScaledImage.m -o /Users/soongyukwon/Documents/Github.nosync/Xeon/.theos/obj/arm64/./headers/UIImage+ScaledImage.m.a14f1066.o)
(mkdir -p /Users/soongyukwon/Documents/Github.nosync/Xeon/.theos/obj/arm64/./headers/)
(printf "\e[0;3%im==> \e[1;39m%s…\e[m\n" 2 "Compiling headers/UIImage+animatedGIF.m (arm64)"); set -o pipefail; (/Applications/Xcode.app/Contents/Developer/Toolchains/XcodeDefault.xctoolchain/usr/bin/clang++ -x objective-c -c -I/Users/soongyukwon/theos/include -I/Users/soongyukwon/theos/vendor/include -I/Users/soongyukwon/theos/include/_fallback -include /Users/soongyukwon/theos/Prefix.pch -MT /Users/soongyukwon/Documents/Github.nosync/Xeon/.theos/obj/arm64/./headers/UIImage+animatedGIF.m.a14f1066.o -MMD -MP -MF "/Users/soongyukwon/Documents/Github.nosync/Xeon/.theos/obj/arm64/headers/UIImage+animatedGIF.m.a14f1066.Td" -fcolor-diagnostics -DTARGET_IPHONE=1 -Os -Wall -ggdb -Werror  -isysroot "/Applications/Xcode.app/Contents/Developer/Platforms/iPhoneOS.platform/Developer/SDKs/iPhoneOS15.5.sdk" -target arm64-apple-ios9.0      -DTHEOS_INSTANCE_NAME="\"Xeon\"" -fmodules -fcxx-modules -fmodule-name=Xeon -fbuild-session-file=/Users/soongyukwon/Documents/Github.nosync/Xeon/.theos/build_session -fmodules-prune-after=345600 -fmodules-prune-interval=86400 -fmodules-validate-once-per-build-session  -arch arm64 -F/Users/soongyukwon/theos/vendor/lib -F/Users/soongyukwon/theos/lib  -fobjc-arc   headers/UIImage+animatedGIF.m -o /Users/soongyukwon/Documents/Github.nosync/Xeon/.theos/obj/arm64/./headers/UIImage+animatedGIF.m.a14f1066.o)
 
(mkdir -p /Users/soongyukwon/Documents/Github.nosync/Xeon/.theos/obj/arm64/./xeonprefs/)
(printf "\e[0;3%im==> \e[1;39m%s…\e[m\n" 2 "Compiling xeonprefs/XENCommon.m (arm64)"); set -o pipefail; (/Applications/Xcode.app/Contents/Developer/Toolchains/XcodeDefault.xctoolchain/usr/bin/clang++ -x objective-c -c -I/Users/soongyukwon/theos/include -I/Users/soongyukwon/theos/vendor/include -I/Users/soongyukwon/theos/include/_fallback -include /Users/soongyukwon/theos/Prefix.pch -MT /Users/soongyukwon/Documents/Github.nosync/Xeon/.theos/obj/arm64/./xeonprefs/XENCommon.m.a14f1066.o -MMD -MP -MF "/Users/soongyukwon/Documents/Github.nosync/Xeon/.theos/obj/arm64/xeonprefs/XENCommon.m.a14f1066.Td" -fcolor-diagnostics -DTARGET_IPHONE=1 -Os -Wall -ggdb -Werror  -isysroot "/Applications/Xcode.app/Contents/Developer/Platforms/iPhoneOS.platform/Developer/SDKs/iPhoneOS15.5.sdk" -target arm64-apple-ios9.0      -DTHEOS_INSTANCE_NAME="\"Xeon\"" -fmodules -fcxx-modules -fmodule-name=Xeon -fbuild-session-file=/Users/soongyukwon/Documents/Github.nosync/Xeon/.theos/build_session -fmodules-prune-after=345600 -fmodules-prune-interval=86400 -fmodules-validate-once-per-build-session  -arch arm64 -F/Users/soongyukwon/theos/vendor/lib -F/Users/soongyukwon/theos/lib  -fobjc-arc   xeonprefs/XENCommon.m -o /Users/soongyukwon/Documents/Github.nosync/Xeon/.theos/obj/arm64/./xeonprefs/XENCommon.m.a14f1066.o)
(mkdir -p /Users/soongyukwon/Documents/Github.nosync/Xeon/.theos/obj/arm64/./xeonprefs/)
(printf "\e[0;3%im==> \e[1;39m%s…\e[m\n" 2 "Compiling xeonprefs/XENGIFCommon.m (arm64)"); set -o pipefail; (/Applications/Xcode.app/Contents/Developer/Toolchains/XcodeDefault.xctoolchain/usr/bin/clang++ -x objective-c -c -I/Users/soongyukwon/theos/include -I/Users/soongyukwon/theos/vendor/include -I/Users/soongyukwon/theos/include/_fallback -include /Users/soongyukwon/theos/Prefix.pch -MT /Users/soongyukwon/Documents/Github.nosync/Xeon/.theos/obj/arm64/./xeonprefs/XENGIFCommon.m.a14f1066.o -MMD -MP -MF "/Users/soongyukwon/Documents/Github.nosync/Xeon/.theos/obj/arm64/xeonprefs/XENGIFCommon.m.a14f1066.Td" -fcolor-diagnostics -DTARGET_IPHONE=1 -Os -Wall -ggdb -Werror  -isysroot "/Applications/Xcode.app/Contents/Developer/Platforms/iPhoneOS.platform/Developer/SDKs/iPhoneOS15.5.sdk" -target arm64-apple-ios9.0      -DTHEOS_INSTANCE_NAME="\"Xeon\"" -fmodules -fcxx-modules -fmodule-name=Xeon -fbuild-session-file=/Users/soongyukwon/Documents/Github.nosync/Xeon/.theos/build_session -fmodules-prune-after=345600 -fmodules-prune-interval=86400 -fmodules-validate-once-per-build-session  -arch arm64 -F/Users/soongyukwon/theos/vendor/lib -F/Users/soongyukwon/theos/lib  -fobjc-arc   xeonprefs/XENGIFCommon.m -o /Users/soongyukwon/Documents/Github.nosync/Xeon/.theos/obj/arm64/./xeonprefs/XENGIFCommon.m.a14f1066.o)
 
(mkdir -p /Users/soongyukwon/Documents/Github.nosync/Xeon/.theos/obj/arm64)
(printf "\e[0;3%im==> \e[1;39m%s…\e[m\n" 3 "Linking tweak Xeon (arm64)"); set -o pipefail; (/Applications/Xcode.app/Contents/Developer/Toolchains/XcodeDefault.xctoolchain/usr/bin/clang++ -fcolor-diagnostics -L/Users/soongyukwon/theos/lib -ggdb -L/Users/soongyukwon/theos/vendor/lib -lobjc -framework Foundation -framework CoreFoundation -ObjC++ -fobjc-exceptions -fobjc-call-cxx-cdtors    -limagepicker   -F/Users/soongyukwon/theos/vendor/lib -F/Users/soongyukwon/theos/lib  -framework Cephei      -F/Users/soongyukwon/theos/vendor/lib -framework CydiaSubstrate -dynamiclib -install_name "/Library/MobileSubstrate/DynamicLibraries/Xeon.dylib"  -isysroot "/Applications/Xcode.app/Contents/Developer/Platforms/iPhoneOS.platform/Developer/SDKs/iPhoneOS15.5.sdk" -target arm64-apple-ios9.0  -multiply_defined suppress -stdlib=libc++ -lc++  -arch arm64   -o "/Users/soongyukwon/Documents/Github.nosync/Xeon/.theos/obj/arm64/Xeon.dylib" /Users/soongyukwon/Documents/Github.nosync/Xeon/.theos/obj/arm64/Tweak.xm.a14f1066.o /Users/soongyukwon/Documents/Github.nosync/Xeon/.theos/obj/arm64/./headers/UIImage+ScaledImage.m.a14f1066.o /Users/soongyukwon/Documents/Github.nosync/Xeon/.theos/obj/arm64/./headers/UIImage+animatedGIF.m.a14f1066.o /Users/soongyukwon/Documents/Github.nosync/Xeon/.theos/obj/arm64/./xeonprefs/XENCommon.m.a14f1066.o /Users/soongyukwon/Documents/Github.nosync/Xeon/.theos/obj/arm64/./xeonprefs/XENGIFCommon.m.a14f1066.o)
(printf "\e[0;3%im==> \e[1;39m%s…\e[m\n" 4 "Generating debug symbols for Xeon"); set -o pipefail; (/Applications/Xcode.app/Contents/Developer/Toolchains/XcodeDefault.xctoolchain/usr/bin/dsymutil "/Users/soongyukwon/Documents/Github.nosync/Xeon/.theos/obj/arm64/Xeon.dylib")
 
(printf "\e[0;3%im==> \e[1;39m%s…\e[m\n" 4 "Stripping Xeon (arm64)"); set -o pipefail; (/Applications/Xcode.app/Contents/Developer/Toolchains/XcodeDefault.xctoolchain/usr/bin/strip -x "/Users/soongyukwon/Documents/Github.nosync/Xeon/.theos/obj/arm64/Xeon.dylib")
rm /Users/soongyukwon/Documents/Github.nosync/Xeon/.theos/obj/arm64/Tweak.xm.mm
 
mkdir -p /Users/soongyukwon/Documents/Github.nosync/Xeon/.theos/obj/arm64e
/Applications/Xcode.app/Contents/Developer/usr/bin/make -f Makefile --no-print-directory --no-keep-going internal-tweak-compile _THEOS_CURRENT_TYPE="tweak" THEOS_CURRENT_INSTANCE="Xeon" _THEOS_CURRENT_OPERATION="compile" THEOS_BUILD_DIR="." THEOS_CURRENT_ARCH="arm64e"
 
(mkdir -p /Users/soongyukwon/Documents/Github.nosync/Xeon/.theos/obj/arm64e/)
(printf "\e[0;3%im==> \e[1;39m%s…\e[m\n" 1 "Preprocessing Tweak.xm"); set -o pipefail; (/Users/soongyukwon/theos/bin/logos.pl -c warnings=error -c generator=MobileSubstrate    Tweak.xm > /Users/soongyukwon/Documents/Github.nosync/Xeon/.theos/obj/arm64e/Tweak.xm.mm)
 
(mkdir -p /Users/soongyukwon/Documents/Github.nosync/Xeon/.theos/obj/arm64e/)
 
(printf "\e[0;3%im==> \e[1;39m%s…\e[m\n" 2 "Compiling Tweak.xm (arm64e)"); set -o pipefail; (/Applications/Xcode.app/Contents/Developer/Toolchains/XcodeDefault.xctoolchain/usr/bin/clang++ -x objective-c++ -c -I"/Users/soongyukwon/Documents/Github.nosync/Xeon" -I/Users/soongyukwon/theos/include -I/Users/soongyukwon/theos/vendor/include -I/Users/soongyukwon/theos/include/_fallback -include /Users/soongyukwon/theos/Prefix.pch -MT /Users/soongyukwon/Documents/Github.nosync/Xeon/.theos/obj/arm64e/Tweak.xm.2c961d95.o -MMD -MP -MF "/Users/soongyukwon/Documents/Github.nosync/Xeon/.theos/obj/arm64e/Tweak.xm.2c961d95.Td" -fcolor-diagnostics -DTARGET_IPHONE=1 -Os -Wall -ggdb -Werror  -isysroot "/Applications/Xcode.app/Contents/Developer/Platforms/iPhoneOS.platform/Developer/SDKs/iPhoneOS15.5.sdk" -target arm64e-apple-ios9.0      -DTHEOS_INSTANCE_NAME="\"Xeon\"" -fmodules -fcxx-modules -fmodule-name=Xeon -fbuild-session-file=/Users/soongyukwon/Documents/Github.nosync/Xeon/.theos/build_session -fmodules-prune-after=345600 -fmodules-prune-interval=86400 -fmodules-validate-once-per-build-session  -arch arm64e -F/Users/soongyukwon/theos/vendor/lib -F/Users/soongyukwon/theos/lib  -fobjc-arc    -stdlib=libc++        /Users/soongyukwon/Documents/Github.nosync/Xeon/.theos/obj/arm64e/Tweak.xm.mm -o /Users/soongyukwon/Documents/Github.nosync/Xeon/.theos/obj/arm64e/Tweak.xm.2c961d95.o)
(mkdir -p /Users/soongyukwon/Documents/Github.nosync/Xeon/.theos/obj/arm64e/./headers/)
(printf "\e[0;3%im==> \e[1;39m%s…\e[m\n" 2 "Compiling headers/UIImage+ScaledImage.m (arm64e)"); set -o pipefail; (/Applications/Xcode.app/Contents/Developer/Toolchains/XcodeDefault.xctoolchain/usr/bin/clang++ -x objective-c -c -I/Users/soongyukwon/theos/include -I/Users/soongyukwon/theos/vendor/include -I/Users/soongyukwon/theos/include/_fallback -include /Users/soongyukwon/theos/Prefix.pch -MT /Users/soongyukwon/Documents/Github.nosync/Xeon/.theos/obj/arm64e/./headers/UIImage+ScaledImage.m.2c961d95.o -MMD -MP -MF "/Users/soongyukwon/Documents/Github.nosync/Xeon/.theos/obj/arm64e/headers/UIImage+ScaledImage.m.2c961d95.Td" -fcolor-diagnostics -DTARGET_IPHONE=1 -Os -Wall -ggdb -Werror  -isysroot "/Applications/Xcode.app/Contents/Developer/Platforms/iPhoneOS.platform/Developer/SDKs/iPhoneOS15.5.sdk" -target arm64e-apple-ios9.0      -DTHEOS_INSTANCE_NAME="\"Xeon\"" -fmodules -fcxx-modules -fmodule-name=Xeon -fbuild-session-file=/Users/soongyukwon/Documents/Github.nosync/Xeon/.theos/build_session -fmodules-prune-after=345600 -fmodules-prune-interval=86400 -fmodules-validate-once-per-build-session  -arch arm64e -F/Users/soongyukwon/theos/vendor/lib -F/Users/soongyukwon/theos/lib  -fobjc-arc   headers/UIImage+ScaledImage.m -o /Users/soongyukwon/Documents/Github.nosync/Xeon/.theos/obj/arm64e/./headers/UIImage+ScaledImage.m.2c961d95.o)
 
(mkdir -p /Users/soongyukwon/Documents/Github.nosync/Xeon/.theos/obj/arm64e/./headers/)
(printf "\e[0;3%im==> \e[1;39m%s…\e[m\n" 2 "Compiling headers/UIImage+animatedGIF.m (arm64e)"); set -o pipefail; (/Applications/Xcode.app/Contents/Developer/Toolchains/XcodeDefault.xctoolchain/usr/bin/clang++ -x objective-c -c -I/Users/soongyukwon/theos/include -I/Users/soongyukwon/theos/vendor/include -I/Users/soongyukwon/theos/include/_fallback -include /Users/soongyukwon/theos/Prefix.pch -MT /Users/soongyukwon/Documents/Github.nosync/Xeon/.theos/obj/arm64e/./headers/UIImage+animatedGIF.m.2c961d95.o -MMD -MP -MF "/Users/soongyukwon/Documents/Github.nosync/Xeon/.theos/obj/arm64e/headers/UIImage+animatedGIF.m.2c961d95.Td" -fcolor-diagnostics -DTARGET_IPHONE=1 -Os -Wall -ggdb -Werror  -isysroot "/Applications/Xcode.app/Contents/Developer/Platforms/iPhoneOS.platform/Developer/SDKs/iPhoneOS15.5.sdk" -target arm64e-apple-ios9.0      -DTHEOS_INSTANCE_NAME="\"Xeon\"" -fmodules -fcxx-modules -fmodule-name=Xeon -fbuild-session-file=/Users/soongyukwon/Documents/Github.nosync/Xeon/.theos/build_session -fmodules-prune-after=345600 -fmodules-prune-interval=86400 -fmodules-validate-once-per-build-session  -arch arm64e -F/Users/soongyukwon/theos/vendor/lib -F/Users/soongyukwon/theos/lib  -fobjc-arc   headers/UIImage+animatedGIF.m -o /Users/soongyukwon/Documents/Github.nosync/Xeon/.theos/obj/arm64e/./headers/UIImage+animatedGIF.m.2c961d95.o)
 
(mkdir -p /Users/soongyukwon/Documents/Github.nosync/Xeon/.theos/obj/arm64e/./xeonprefs/)
(printf "\e[0;3%im==> \e[1;39m%s…\e[m\n" 2 "Compiling xeonprefs/XENCommon.m (arm64e)"); set -o pipefail; (/Applications/Xcode.app/Contents/Developer/Toolchains/XcodeDefault.xctoolchain/usr/bin/clang++ -x objective-c -c -I/Users/soongyukwon/theos/include -I/Users/soongyukwon/theos/vendor/include -I/Users/soongyukwon/theos/include/_fallback -include /Users/soongyukwon/theos/Prefix.pch -MT /Users/soongyukwon/Documents/Github.nosync/Xeon/.theos/obj/arm64e/./xeonprefs/XENCommon.m.2c961d95.o -MMD -MP -MF "/Users/soongyukwon/Documents/Github.nosync/Xeon/.theos/obj/arm64e/xeonprefs/XENCommon.m.2c961d95.Td" -fcolor-diagnostics -DTARGET_IPHONE=1 -Os -Wall -ggdb -Werror  -isysroot "/Applications/Xcode.app/Contents/Developer/Platforms/iPhoneOS.platform/Developer/SDKs/iPhoneOS15.5.sdk" -target arm64e-apple-ios9.0      -DTHEOS_INSTANCE_NAME="\"Xeon\"" -fmodules -fcxx-modules -fmodule-name=Xeon -fbuild-session-file=/Users/soongyukwon/Documents/Github.nosync/Xeon/.theos/build_session -fmodules-prune-after=345600 -fmodules-prune-interval=86400 -fmodules-validate-once-per-build-session  -arch arm64e -F/Users/soongyukwon/theos/vendor/lib -F/Users/soongyukwon/theos/lib  -fobjc-arc   xeonprefs/XENCommon.m -o /Users/soongyukwon/Documents/Github.nosync/Xeon/.theos/obj/arm64e/./xeonprefs/XENCommon.m.2c961d95.o)
 
(mkdir -p /Users/soongyukwon/Documents/Github.nosync/Xeon/.theos/obj/arm64e/./xeonprefs/)
(printf "\e[0;3%im==> \e[1;39m%s…\e[m\n" 2 "Compiling xeonprefs/XENGIFCommon.m (arm64e)"); set -o pipefail; (/Applications/Xcode.app/Contents/Developer/Toolchains/XcodeDefault.xctoolchain/usr/bin/clang++ -x objective-c -c -I/Users/soongyukwon/theos/include -I/Users/soongyukwon/theos/vendor/include -I/Users/soongyukwon/theos/include/_fallback -include /Users/soongyukwon/theos/Prefix.pch -MT /Users/soongyukwon/Documents/Github.nosync/Xeon/.theos/obj/arm64e/./xeonprefs/XENGIFCommon.m.2c961d95.o -MMD -MP -MF "/Users/soongyukwon/Documents/Github.nosync/Xeon/.theos/obj/arm64e/xeonprefs/XENGIFCommon.m.2c961d95.Td" -fcolor-diagnostics -DTARGET_IPHONE=1 -Os -Wall -ggdb -Werror  -isysroot "/Applications/Xcode.app/Contents/Developer/Platforms/iPhoneOS.platform/Developer/SDKs/iPhoneOS15.5.sdk" -target arm64e-apple-ios9.0      -DTHEOS_INSTANCE_NAME="\"Xeon\"" -fmodules -fcxx-modules -fmodule-name=Xeon -fbuild-session-file=/Users/soongyukwon/Documents/Github.nosync/Xeon/.theos/build_session -fmodules-prune-after=345600 -fmodules-prune-interval=86400 -fmodules-validate-once-per-build-session  -arch arm64e -F/Users/soongyukwon/theos/vendor/lib -F/Users/soongyukwon/theos/lib  -fobjc-arc   xeonprefs/XENGIFCommon.m -o /Users/soongyukwon/Documents/Github.nosync/Xeon/.theos/obj/arm64e/./xeonprefs/XENGIFCommon.m.2c961d95.o)
 
(mkdir -p /Users/soongyukwon/Documents/Github.nosync/Xeon/.theos/obj/arm64e)
 
(printf "\e[0;3%im==> \e[1;39m%s…\e[m\n" 3 "Linking tweak Xeon (arm64e)"); set -o pipefail; (/Applications/Xcode.app/Contents/Developer/Toolchains/XcodeDefault.xctoolchain/usr/bin/clang++ -fcolor-diagnostics -L/Users/soongyukwon/theos/lib -ggdb -L/Users/soongyukwon/theos/vendor/lib -lobjc -framework Foundation -framework CoreFoundation -ObjC++ -fobjc-exceptions -fobjc-call-cxx-cdtors    -limagepicker   -F/Users/soongyukwon/theos/vendor/lib -F/Users/soongyukwon/theos/lib  -framework Cephei      -F/Users/soongyukwon/theos/vendor/lib -framework CydiaSubstrate -dynamiclib -install_name "/Library/MobileSubstrate/DynamicLibraries/Xeon.dylib"  -isysroot "/Applications/Xcode.app/Contents/Developer/Platforms/iPhoneOS.platform/Developer/SDKs/iPhoneOS15.5.sdk" -target arm64e-apple-ios9.0  -multiply_defined suppress -stdlib=libc++ -lc++  -arch arm64e   -o "/Users/soongyukwon/Documents/Github.nosync/Xeon/.theos/obj/arm64e/Xeon.dylib" /Users/soongyukwon/Documents/Github.nosync/Xeon/.theos/obj/arm64e/Tweak.xm.2c961d95.o /Users/soongyukwon/Documents/Github.nosync/Xeon/.theos/obj/arm64e/./headers/UIImage+ScaledImage.m.2c961d95.o /Users/soongyukwon/Documents/Github.nosync/Xeon/.theos/obj/arm64e/./headers/UIImage+animatedGIF.m.2c961d95.o /Users/soongyukwon/Documents/Github.nosync/Xeon/.theos/obj/arm64e/./xeonprefs/XENCommon.m.2c961d95.o /Users/soongyukwon/Documents/Github.nosync/Xeon/.theos/obj/arm64e/./xeonprefs/XENGIFCommon.m.2c961d95.o)
(printf "\e[0;3%im==> \e[1;39m%s…\e[m\n" 4 "Generating debug symbols for Xeon"); set -o pipefail; (/Applications/Xcode.app/Contents/Developer/Toolchains/XcodeDefault.xctoolchain/usr/bin/dsymutil "/Users/soongyukwon/Documents/Github.nosync/Xeon/.theos/obj/arm64e/Xeon.dylib")
(printf "\e[0;3%im==> \e[1;39m%s…\e[m\n" 4 "Stripping Xeon (arm64e)"); set -o pipefail; (/Applications/Xcode.app/Contents/Developer/Toolchains/XcodeDefault.xctoolchain/usr/bin/strip -x "/Users/soongyukwon/Documents/Github.nosync/Xeon/.theos/obj/arm64e/Xeon.dylib")
rm /Users/soongyukwon/Documents/Github.nosync/Xeon/.theos/obj/arm64e/Tweak.xm.mm
(printf "\e[0;3%im==> \e[1;39m%s…\e[m\n" 4 "Merging tweak Xeon"); set -o pipefail; (/Applications/Xcode.app/Contents/Developer/Toolchains/XcodeDefault.xctoolchain/usr/bin/lipo -arch arm64 /Users/soongyukwon/Documents/Github.nosync/Xeon/.theos/obj/arm64/Xeon.dylib -arch arm64e /Users/soongyukwon/Documents/Github.nosync/Xeon/.theos/obj/arm64e/Xeon.dylib -create -output "/Users/soongyukwon/Documents/Github.nosync/Xeon/.theos/obj/Xeon.dylib.47ba6b93.unsigned")
 
(printf "\e[0;3%im==> \e[1;39m%s…\e[m\n" 4 "Signing Xeon"); set -o pipefail; (CODESIGN_ALLOCATE=/Applications/Xcode.app/Contents/Developer/Toolchains/XcodeDefault.xctoolchain/usr/bin/codesign_allocate  ldid -S "/Users/soongyukwon/Documents/Github.nosync/Xeon/.theos/obj/Xeon.dylib.47ba6b93.unsigned" && mv "/Users/soongyukwon/Documents/Github.nosync/Xeon/.theos/obj/Xeon.dylib.47ba6b93.unsigned" "/Users/soongyukwon/Documents/Github.nosync/Xeon/.theos/obj/Xeon.dylib")
rm /Users/soongyukwon/Documents/Github.nosync/Xeon/.theos/obj/Xeon.dylib.47ba6b93.unsigned
:
:
 
abs_build_dir=.; \
	for d in xeonprefs; do \
	  printf "\e[1;31m> \e[1;3;39m%s…\e[m\n" "Making all in $d"; \
	  if [[ "${abs_build_dir}" = "." ]]; then \
	    lbuilddir="."; \
	  else \
	    lbuilddir="${abs_build_dir}/$d"; \
	  fi; \
 
		if /Applications/Xcode.app/Contents/Developer/usr/bin/make -C $d -f Makefile --no-keep-going all \
		THEOS_BUILD_DIR="$lbuilddir" \
	     ; then\
	     :; \
	  else exit $?; \
	  fi; \
	done;
 
[1;31m> [1;3;39mMaking all in xeonprefs…[m
 
printf "\e[0;36m==> \e[1;36mNotice:\e[m %s\n" "Build may be slow as Theos isn’t using all available CPU cores on this computer. Consider upgrading GNU Make: https://theos.dev/docs/parallel-building"
mkdir -p /Users/soongyukwon/Documents/Github.nosync/Xeon/.theos
touch /Users/soongyukwon/Documents/Github.nosync/Xeon/.theos/build_session
 
\
abs_build_dir=.; \
if [[ "" != "" ]]; then \
  printf "\e[1;31m> \e[1;3;39m%s…\e[m\n" "Making all in subprojects of bundle XeonPrefs"; \
  for d in ; do \
    d="${d%:*}"; \
    if [[ "${abs_build_dir}" = "." ]]; then \
      lbuilddir="."; \
    else \
      lbuilddir="${abs_build_dir}/$d"; \
    fi; \
    if /Applications/Xcode.app/Contents/Developer/usr/bin/make -C $d -f Makefile --no-keep-going COLOR=1 --no-print-directory all \
        THEOS_BUILD_DIR="$lbuilddir" \
       ; then\
       :; \
    else exit $?; \
    fi; \
  done; \
 fi; \
printf "\e[1;31m> \e[1;3;39m%s…\e[m\n" "Making all for bundle XeonPrefs"; \
/Applications/Xcode.app/Contents/Developer/usr/bin/make -f Makefile --no-keep-going COLOR=1 --no-print-directory \
	internal-bundle-all \
	_THEOS_CURRENT_TYPE="bundle" \
	THEOS_CURRENT_INSTANCE="XeonPrefs" \
	_THEOS_CURRENT_OPERATION="all" \
	THEOS_BUILD_DIR="."
 
[1;31m> [1;3;39mMaking all for bundle XeonPrefs…[m
 
for i in XENRootListController.m XENCreditListController.m IconThemes.m XENCommon.m GIFThemes.m XENGIFCommon.m ../headers/UIImage+ScaledImage.m; do \
		if [[ ! -f "$i" ]]; then \
			printf "\e[0;31m==> \e[1;31mError:\e[m %s\n" "File $i does not exist."  >&2; exit 1; \
		fi; \
	done
mkdir -p /Users/soongyukwon/Documents/Github.nosync/Xeon/.theos/obj
mkdir -p /Users/soongyukwon/Documents/Github.nosync/Xeon/.theos/obj/../headers/; touch /Users/soongyukwon/Documents/Github.nosync/Xeon/.theos/obj/../headers/.stamp
mkdir -p /Users/soongyukwon/Documents/Github.nosync/Xeon/.theos/obj/; touch /Users/soongyukwon/Documents/Github.nosync/Xeon/.theos/obj/.stamp
 
(mkdir -p "/Users/soongyukwon/Documents/Github.nosync/Xeon/.theos/obj/XeonPrefs.bundle")
(mkdir -p "/Users/soongyukwon/Documents/Github.nosync/Xeon/.theos/obj/XeonPrefs.bundle")
(mkdir -p "/Users/soongyukwon/Documents/Github.nosync/Xeon/.theos/obj/XeonPrefs.bundle")
(printf "\e[0;3%im==> \e[1;39m%s…\e[m\n" 5 "Copying resource directories into the bundle wrapper"); set -o pipefail; (for d in Resources; do \
		if [[ -d "$d" ]]; then \
			rsync -a "$d/" "/Users/soongyukwon/Documents/Github.nosync/Xeon/.theos/obj/XeonPrefs.bundle/" --exclude "_MTN" --exclude ".git" --exclude ".svn" --exclude ".DS_Store" --exclude "._*"; \
		else \
			printf "\e[0;33m==> \e[1;33mWarning:\e[m %s\n" "Ignoring missing bundle resource directory $d." >&2; \
		fi; \
	done)
/Applications/Xcode.app/Contents/Developer/usr/bin/make -f Makefile --no-keep-going COLOR=1 --no-print-directory \
		internal-bundle-compile \
		_THEOS_CURRENT_TYPE=bundle THEOS_CURRENT_INSTANCE=XeonPrefs _THEOS_CURRENT_OPERATION=compile \
		THEOS_BUILD_DIR="." _THEOS_MAKE_PARALLEL=yes
 
mkdir -p /Users/soongyukwon/Documents/Github.nosync/Xeon/.theos/obj/arm64
/Applications/Xcode.app/Contents/Developer/usr/bin/make -f Makefile --no-print-directory --no-keep-going internal-bundle-compile _THEOS_CURRENT_TYPE="bundle" THEOS_CURRENT_INSTANCE="XeonPrefs" _THEOS_CURRENT_OPERATION="compile" THEOS_BUILD_DIR="." THEOS_CURRENT_ARCH="arm64"
 
(mkdir -p /Users/soongyukwon/Documents/Github.nosync/Xeon/.theos/obj/arm64/)
(printf "\e[0;3%im==> \e[1;39m%s…\e[m\n" 2 "Compiling XENRootListController.m (arm64)"); set -o pipefail; (/Applications/Xcode.app/Contents/Developer/Toolchains/XcodeDefault.xctoolchain/usr/bin/clang++ -x objective-c -c -I/Users/soongyukwon/theos/include -I/Users/soongyukwon/theos/vendor/include -I/Users/soongyukwon/theos/include/_fallback -include /Users/soongyukwon/theos/Prefix.pch -MT /Users/soongyukwon/Documents/Github.nosync/Xeon/.theos/obj/arm64/XENRootListController.m.53574101.o -MMD -MP -MF "/Users/soongyukwon/Documents/Github.nosync/Xeon/.theos/obj/arm64/XENRootListController.m.53574101.Td" -fcolor-diagnostics -DTARGET_IPHONE=1 -Os -Wall -ggdb -Werror -isysroot "/Applications/Xcode.app/Contents/Developer/Platforms/iPhoneOS.platform/Developer/SDKs/iPhoneOS15.5.sdk" -target arm64-apple-ios9.0      -DTHEOS_INSTANCE_NAME="\"XeonPrefs\"" -fmodules -fcxx-modules -fmodule-name=XeonPrefs -fbuild-session-file=/Users/soongyukwon/Documents/Github.nosync/Xeon/.theos/build_session -fmodules-prune-after=345600 -fmodules-prune-interval=86400 -fmodules-validate-once-per-build-session  -arch arm64 -F/Applications/Xcode.app/Contents/Developer/Platforms/iPhoneOS.platform/Developer/SDKs/iPhoneOS15.5.sdk/System/Library/PrivateFrameworks -F/Users/soongyukwon/theos/vendor/lib -F/Users/soongyukwon/theos/lib     XENRootListController.m -o /Users/soongyukwon/Documents/Github.nosync/Xeon/.theos/obj/arm64/XENRootListController.m.53574101.o)
 
(mkdir -p /Users/soongyukwon/Documents/Github.nosync/Xeon/.theos/obj/arm64/)
(printf "\e[0;3%im==> \e[1;39m%s…\e[m\n" 2 "Compiling XENCreditListController.m (arm64)"); set -o pipefail; (/Applications/Xcode.app/Contents/Developer/Toolchains/XcodeDefault.xctoolchain/usr/bin/clang++ -x objective-c -c -I/Users/soongyukwon/theos/include -I/Users/soongyukwon/theos/vendor/include -I/Users/soongyukwon/theos/include/_fallback -include /Users/soongyukwon/theos/Prefix.pch -MT /Users/soongyukwon/Documents/Github.nosync/Xeon/.theos/obj/arm64/XENCreditListController.m.53574101.o -MMD -MP -MF "/Users/soongyukwon/Documents/Github.nosync/Xeon/.theos/obj/arm64/XENCreditListController.m.53574101.Td" -fcolor-diagnostics -DTARGET_IPHONE=1 -Os -Wall -ggdb -Werror -isysroot "/Applications/Xcode.app/Contents/Developer/Platforms/iPhoneOS.platform/Developer/SDKs/iPhoneOS15.5.sdk" -target arm64-apple-ios9.0      -DTHEOS_INSTANCE_NAME="\"XeonPrefs\"" -fmodules -fcxx-modules -fmodule-name=XeonPrefs -fbuild-session-file=/Users/soongyukwon/Documents/Github.nosync/Xeon/.theos/build_session -fmodules-prune-after=345600 -fmodules-prune-interval=86400 -fmodules-validate-once-per-build-session  -arch arm64 -F/Applications/Xcode.app/Contents/Developer/Platforms/iPhoneOS.platform/Developer/SDKs/iPhoneOS15.5.sdk/System/Library/PrivateFrameworks -F/Users/soongyukwon/theos/vendor/lib -F/Users/soongyukwon/theos/lib     XENCreditListController.m -o /Users/soongyukwon/Documents/Github.nosync/Xeon/.theos/obj/arm64/XENCreditListController.m.53574101.o)
(mkdir -p /Users/soongyukwon/Documents/Github.nosync/Xeon/.theos/obj/arm64/)
(printf "\e[0;3%im==> \e[1;39m%s…\e[m\n" 2 "Compiling IconThemes.m (arm64)"); set -o pipefail; (/Applications/Xcode.app/Contents/Developer/Toolchains/XcodeDefault.xctoolchain/usr/bin/clang++ -x objective-c -c -I/Users/soongyukwon/theos/include -I/Users/soongyukwon/theos/vendor/include -I/Users/soongyukwon/theos/include/_fallback -include /Users/soongyukwon/theos/Prefix.pch -MT /Users/soongyukwon/Documents/Github.nosync/Xeon/.theos/obj/arm64/IconThemes.m.53574101.o -MMD -MP -MF "/Users/soongyukwon/Documents/Github.nosync/Xeon/.theos/obj/arm64/IconThemes.m.53574101.Td" -fcolor-diagnostics -DTARGET_IPHONE=1 -Os -Wall -ggdb -Werror -isysroot "/Applications/Xcode.app/Contents/Developer/Platforms/iPhoneOS.platform/Developer/SDKs/iPhoneOS15.5.sdk" -target arm64-apple-ios9.0      -DTHEOS_INSTANCE_NAME="\"XeonPrefs\"" -fmodules -fcxx-modules -fmodule-name=XeonPrefs -fbuild-session-file=/Users/soongyukwon/Documents/Github.nosync/Xeon/.theos/build_session -fmodules-prune-after=345600 -fmodules-prune-interval=86400 -fmodules-validate-once-per-build-session  -arch arm64 -F/Applications/Xcode.app/Contents/Developer/Platforms/iPhoneOS.platform/Developer/SDKs/iPhoneOS15.5.sdk/System/Library/PrivateFrameworks -F/Users/soongyukwon/theos/vendor/lib -F/Users/soongyukwon/theos/lib     IconThemes.m -o /Users/soongyukwon/Documents/Github.nosync/Xeon/.theos/obj/arm64/IconThemes.m.53574101.o)
(mkdir -p /Users/soongyukwon/Documents/Github.nosync/Xeon/.theos/obj/arm64/)
(printf "\e[0;3%im==> \e[1;39m%s…\e[m\n" 2 "Compiling XENCommon.m (arm64)"); set -o pipefail; (/Applications/Xcode.app/Contents/Developer/Toolchains/XcodeDefault.xctoolchain/usr/bin/clang++ -x objective-c -c -I/Users/soongyukwon/theos/include -I/Users/soongyukwon/theos/vendor/include -I/Users/soongyukwon/theos/include/_fallback -include /Users/soongyukwon/theos/Prefix.pch -MT /Users/soongyukwon/Documents/Github.nosync/Xeon/.theos/obj/arm64/XENCommon.m.53574101.o -MMD -MP -MF "/Users/soongyukwon/Documents/Github.nosync/Xeon/.theos/obj/arm64/XENCommon.m.53574101.Td" -fcolor-diagnostics -DTARGET_IPHONE=1 -Os -Wall -ggdb -Werror -isysroot "/Applications/Xcode.app/Contents/Developer/Platforms/iPhoneOS.platform/Developer/SDKs/iPhoneOS15.5.sdk" -target arm64-apple-ios9.0      -DTHEOS_INSTANCE_NAME="\"XeonPrefs\"" -fmodules -fcxx-modules -fmodule-name=XeonPrefs -fbuild-session-file=/Users/soongyukwon/Documents/Github.nosync/Xeon/.theos/build_session -fmodules-prune-after=345600 -fmodules-prune-interval=86400 -fmodules-validate-once-per-build-session  -arch arm64 -F/Applications/Xcode.app/Contents/Developer/Platforms/iPhoneOS.platform/Developer/SDKs/iPhoneOS15.5.sdk/System/Library/PrivateFrameworks -F/Users/soongyukwon/theos/vendor/lib -F/Users/soongyukwon/theos/lib     XENCommon.m -o /Users/soongyukwon/Documents/Github.nosync/Xeon/.theos/obj/arm64/XENCommon.m.53574101.o)
(mkdir -p /Users/soongyukwon/Documents/Github.nosync/Xeon/.theos/obj/arm64/)
(printf "\e[0;3%im==> \e[1;39m%s…\e[m\n" 2 "Compiling GIFThemes.m (arm64)"); set -o pipefail; (/Applications/Xcode.app/Contents/Developer/Toolchains/XcodeDefault.xctoolchain/usr/bin/clang++ -x objective-c -c -I/Users/soongyukwon/theos/include -I/Users/soongyukwon/theos/vendor/include -I/Users/soongyukwon/theos/include/_fallback -include /Users/soongyukwon/theos/Prefix.pch -MT /Users/soongyukwon/Documents/Github.nosync/Xeon/.theos/obj/arm64/GIFThemes.m.53574101.o -MMD -MP -MF "/Users/soongyukwon/Documents/Github.nosync/Xeon/.theos/obj/arm64/GIFThemes.m.53574101.Td" -fcolor-diagnostics -DTARGET_IPHONE=1 -Os -Wall -ggdb -Werror -isysroot "/Applications/Xcode.app/Contents/Developer/Platforms/iPhoneOS.platform/Developer/SDKs/iPhoneOS15.5.sdk" -target arm64-apple-ios9.0      -DTHEOS_INSTANCE_NAME="\"XeonPrefs\"" -fmodules -fcxx-modules -fmodule-name=XeonPrefs -fbuild-session-file=/Users/soongyukwon/Documents/Github.nosync/Xeon/.theos/build_session -fmodules-prune-after=345600 -fmodules-prune-interval=86400 -fmodules-validate-once-per-build-session  -arch arm64 -F/Applications/Xcode.app/Contents/Developer/Platforms/iPhoneOS.platform/Developer/SDKs/iPhoneOS15.5.sdk/System/Library/PrivateFrameworks -F/Users/soongyukwon/theos/vendor/lib -F/Users/soongyukwon/theos/lib     GIFThemes.m -o /Users/soongyukwon/Documents/Github.nosync/Xeon/.theos/obj/arm64/GIFThemes.m.53574101.o)
(mkdir -p /Users/soongyukwon/Documents/Github.nosync/Xeon/.theos/obj/arm64/)
(printf "\e[0;3%im==> \e[1;39m%s…\e[m\n" 2 "Compiling XENGIFCommon.m (arm64)"); set -o pipefail; (/Applications/Xcode.app/Contents/Developer/Toolchains/XcodeDefault.xctoolchain/usr/bin/clang++ -x objective-c -c -I/Users/soongyukwon/theos/include -I/Users/soongyukwon/theos/vendor/include -I/Users/soongyukwon/theos/include/_fallback -include /Users/soongyukwon/theos/Prefix.pch -MT /Users/soongyukwon/Documents/Github.nosync/Xeon/.theos/obj/arm64/XENGIFCommon.m.53574101.o -MMD -MP -MF "/Users/soongyukwon/Documents/Github.nosync/Xeon/.theos/obj/arm64/XENGIFCommon.m.53574101.Td" -fcolor-diagnostics -DTARGET_IPHONE=1 -Os -Wall -ggdb -Werror -isysroot "/Applications/Xcode.app/Contents/Developer/Platforms/iPhoneOS.platform/Developer/SDKs/iPhoneOS15.5.sdk" -target arm64-apple-ios9.0      -DTHEOS_INSTANCE_NAME="\"XeonPrefs\"" -fmodules -fcxx-modules -fmodule-name=XeonPrefs -fbuild-session-file=/Users/soongyukwon/Documents/Github.nosync/Xeon/.theos/build_session -fmodules-prune-after=345600 -fmodules-prune-interval=86400 -fmodules-validate-once-per-build-session  -arch arm64 -F/Applications/Xcode.app/Contents/Developer/Platforms/iPhoneOS.platform/Developer/SDKs/iPhoneOS15.5.sdk/System/Library/PrivateFrameworks -F/Users/soongyukwon/theos/vendor/lib -F/Users/soongyukwon/theos/lib     XENGIFCommon.m -o /Users/soongyukwon/Documents/Github.nosync/Xeon/.theos/obj/arm64/XENGIFCommon.m.53574101.o)
 
(mkdir -p /Users/soongyukwon/Documents/Github.nosync/Xeon/.theos/obj/arm64/../headers/)
(printf "\e[0;3%im==> \e[1;39m%s…\e[m\n" 2 "Compiling ../headers/UIImage+ScaledImage.m (arm64)"); set -o pipefail; (/Applications/Xcode.app/Contents/Developer/Toolchains/XcodeDefault.xctoolchain/usr/bin/clang++ -x objective-c -c -I/Users/soongyukwon/theos/include -I/Users/soongyukwon/theos/vendor/include -I/Users/soongyukwon/theos/include/_fallback -include /Users/soongyukwon/theos/Prefix.pch -MT /Users/soongyukwon/Documents/Github.nosync/Xeon/.theos/obj/arm64/../headers/UIImage+ScaledImage.m.53574101.o -MMD -MP -MF "/Users/soongyukwon/Documents/Github.nosync/Xeon/.theos/obj/arm64/../headers/UIImage+ScaledImage.m.53574101.Td" -fcolor-diagnostics -DTARGET_IPHONE=1 -Os -Wall -ggdb -Werror -isysroot "/Applications/Xcode.app/Contents/Developer/Platforms/iPhoneOS.platform/Developer/SDKs/iPhoneOS15.5.sdk" -target arm64-apple-ios9.0      -DTHEOS_INSTANCE_NAME="\"XeonPrefs\"" -fmodules -fcxx-modules -fmodule-name=XeonPrefs -fbuild-session-file=/Users/soongyukwon/Documents/Github.nosync/Xeon/.theos/build_session -fmodules-prune-after=345600 -fmodules-prune-interval=86400 -fmodules-validate-once-per-build-session  -arch arm64 -F/Applications/Xcode.app/Contents/Developer/Platforms/iPhoneOS.platform/Developer/SDKs/iPhoneOS15.5.sdk/System/Library/PrivateFrameworks -F/Users/soongyukwon/theos/vendor/lib -F/Users/soongyukwon/theos/lib     ../headers/UIImage+ScaledImage.m -o /Users/soongyukwon/Documents/Github.nosync/Xeon/.theos/obj/arm64/../headers/UIImage+ScaledImage.m.53574101.o)
 
(mkdir -p /Users/soongyukwon/Documents/Github.nosync/Xeon/.theos/obj/arm64/XeonPrefs.bundle)
 
(printf "\e[0;3%im==> \e[1;39m%s…\e[m\n" 3 "Linking bundle XeonPrefs (arm64)"); set -o pipefail; (/Applications/Xcode.app/Contents/Developer/Toolchains/XcodeDefault.xctoolchain/usr/bin/clang++ -fcolor-diagnostics -L/Users/soongyukwon/theos/lib -ggdb -L/Users/soongyukwon/theos/vendor/lib -lobjc -framework Foundation -framework CoreFoundation  -framework UIKit  -limagepicker -F/Applications/Xcode.app/Contents/Developer/Platforms/iPhoneOS.platform/Developer/SDKs/iPhoneOS15.5.sdk/System/Library/PrivateFrameworks  -framework Preferences -F/Users/soongyukwon/theos/vendor/lib -F/Users/soongyukwon/theos/lib  -framework Cephei -framework CepheiPrefs      -dynamiclib  -isysroot "/Applications/Xcode.app/Contents/Developer/Platforms/iPhoneOS.platform/Developer/SDKs/iPhoneOS15.5.sdk" -target arm64-apple-ios9.0  -multiply_defined suppress -stdlib=libc++ -lc++  -arch arm64   -o "/Users/soongyukwon/Documents/Github.nosync/Xeon/.theos/obj/arm64/XeonPrefs.bundle/XeonPrefs" /Users/soongyukwon/Documents/Github.nosync/Xeon/.theos/obj/arm64/XENRootListController.m.53574101.o /Users/soongyukwon/Documents/Github.nosync/Xeon/.theos/obj/arm64/XENCreditListController.m.53574101.o /Users/soongyukwon/Documents/Github.nosync/Xeon/.theos/obj/arm64/IconThemes.m.53574101.o /Users/soongyukwon/Documents/Github.nosync/Xeon/.theos/obj/arm64/XENCommon.m.53574101.o /Users/soongyukwon/Documents/Github.nosync/Xeon/.theos/obj/arm64/GIFThemes.m.53574101.o /Users/soongyukwon/Documents/Github.nosync/Xeon/.theos/obj/arm64/XENGIFCommon.m.53574101.o /Users/soongyukwon/Documents/Github.nosync/Xeon/.theos/obj/arm64/../headers/UIImage+ScaledImage.m.53574101.o)
(printf "\e[0;3%im==> \e[1;39m%s…\e[m\n" 4 "Generating debug symbols for XeonPrefs"); set -o pipefail; (/Applications/Xcode.app/Contents/Developer/Toolchains/XcodeDefault.xctoolchain/usr/bin/dsymutil "/Users/soongyukwon/Documents/Github.nosync/Xeon/.theos/obj/arm64/XeonPrefs.bundle/XeonPrefs")
(printf "\e[0;3%im==> \e[1;39m%s…\e[m\n" 4 "Stripping XeonPrefs (arm64)"); set -o pipefail; (/Applications/Xcode.app/Contents/Developer/Toolchains/XcodeDefault.xctoolchain/usr/bin/strip -x "/Users/soongyukwon/Documents/Github.nosync/Xeon/.theos/obj/arm64/XeonPrefs.bundle/XeonPrefs")
 
mkdir -p /Users/soongyukwon/Documents/Github.nosync/Xeon/.theos/obj/arm64e
 
/Applications/Xcode.app/Contents/Developer/usr/bin/make -f Makefile --no-print-directory --no-keep-going internal-bundle-compile _THEOS_CURRENT_TYPE="bundle" THEOS_CURRENT_INSTANCE="XeonPrefs" _THEOS_CURRENT_OPERATION="compile" THEOS_BUILD_DIR="." THEOS_CURRENT_ARCH="arm64e"
 
(mkdir -p /Users/soongyukwon/Documents/Github.nosync/Xeon/.theos/obj/arm64e/)
(printf "\e[0;3%im==> \e[1;39m%s…\e[m\n" 2 "Compiling XENRootListController.m (arm64e)"); set -o pipefail; (/Applications/Xcode.app/Contents/Developer/Toolchains/XcodeDefault.xctoolchain/usr/bin/clang++ -x objective-c -c -I/Users/soongyukwon/theos/include -I/Users/soongyukwon/theos/vendor/include -I/Users/soongyukwon/theos/include/_fallback -include /Users/soongyukwon/theos/Prefix.pch -MT /Users/soongyukwon/Documents/Github.nosync/Xeon/.theos/obj/arm64e/XENRootListController.m.545bace7.o -MMD -MP -MF "/Users/soongyukwon/Documents/Github.nosync/Xeon/.theos/obj/arm64e/XENRootListController.m.545bace7.Td" -fcolor-diagnostics -DTARGET_IPHONE=1 -Os -Wall -ggdb -Werror -isysroot "/Applications/Xcode.app/Contents/Developer/Platforms/iPhoneOS.platform/Developer/SDKs/iPhoneOS15.5.sdk" -target arm64e-apple-ios9.0      -DTHEOS_INSTANCE_NAME="\"XeonPrefs\"" -fmodules -fcxx-modules -fmodule-name=XeonPrefs -fbuild-session-file=/Users/soongyukwon/Documents/Github.nosync/Xeon/.theos/build_session -fmodules-prune-after=345600 -fmodules-prune-interval=86400 -fmodules-validate-once-per-build-session  -arch arm64e -F/Applications/Xcode.app/Contents/Developer/Platforms/iPhoneOS.platform/Developer/SDKs/iPhoneOS15.5.sdk/System/Library/PrivateFrameworks -F/Users/soongyukwon/theos/vendor/lib -F/Users/soongyukwon/theos/lib     XENRootListController.m -o /Users/soongyukwon/Documents/Github.nosync/Xeon/.theos/obj/arm64e/XENRootListController.m.545bace7.o)
 
(mkdir -p /Users/soongyukwon/Documents/Github.nosync/Xeon/.theos/obj/arm64e/)
(printf "\e[0;3%im==> \e[1;39m%s…\e[m\n" 2 "Compiling XENCreditListController.m (arm64e)"); set -o pipefail; (/Applications/Xcode.app/Contents/Developer/Toolchains/XcodeDefault.xctoolchain/usr/bin/clang++ -x objective-c -c -I/Users/soongyukwon/theos/include -I/Users/soongyukwon/theos/vendor/include -I/Users/soongyukwon/theos/include/_fallback -include /Users/soongyukwon/theos/Prefix.pch -MT /Users/soongyukwon/Documents/Github.nosync/Xeon/.theos/obj/arm64e/XENCreditListController.m.545bace7.o -MMD -MP -MF "/Users/soongyukwon/Documents/Github.nosync/Xeon/.theos/obj/arm64e/XENCreditListController.m.545bace7.Td" -fcolor-diagnostics -DTARGET_IPHONE=1 -Os -Wall -ggdb -Werror -isysroot "/Applications/Xcode.app/Contents/Developer/Platforms/iPhoneOS.platform/Developer/SDKs/iPhoneOS15.5.sdk" -target arm64e-apple-ios9.0      -DTHEOS_INSTANCE_NAME="\"XeonPrefs\"" -fmodules -fcxx-modules -fmodule-name=XeonPrefs -fbuild-session-file=/Users/soongyukwon/Documents/Github.nosync/Xeon/.theos/build_session -fmodules-prune-after=345600 -fmodules-prune-interval=86400 -fmodules-validate-once-per-build-session  -arch arm64e -F/Applications/Xcode.app/Contents/Developer/Platforms/iPhoneOS.platform/Developer/SDKs/iPhoneOS15.5.sdk/System/Library/PrivateFrameworks -F/Users/soongyukwon/theos/vendor/lib -F/Users/soongyukwon/theos/lib     XENCreditListController.m -o /Users/soongyukwon/Documents/Github.nosync/Xeon/.theos/obj/arm64e/XENCreditListController.m.545bace7.o)
(mkdir -p /Users/soongyukwon/Documents/Github.nosync/Xeon/.theos/obj/arm64e/)
(printf "\e[0;3%im==> \e[1;39m%s…\e[m\n" 2 "Compiling IconThemes.m (arm64e)"); set -o pipefail; (/Applications/Xcode.app/Contents/Developer/Toolchains/XcodeDefault.xctoolchain/usr/bin/clang++ -x objective-c -c -I/Users/soongyukwon/theos/include -I/Users/soongyukwon/theos/vendor/include -I/Users/soongyukwon/theos/include/_fallback -include /Users/soongyukwon/theos/Prefix.pch -MT /Users/soongyukwon/Documents/Github.nosync/Xeon/.theos/obj/arm64e/IconThemes.m.545bace7.o -MMD -MP -MF "/Users/soongyukwon/Documents/Github.nosync/Xeon/.theos/obj/arm64e/IconThemes.m.545bace7.Td" -fcolor-diagnostics -DTARGET_IPHONE=1 -Os -Wall -ggdb -Werror -isysroot "/Applications/Xcode.app/Contents/Developer/Platforms/iPhoneOS.platform/Developer/SDKs/iPhoneOS15.5.sdk" -target arm64e-apple-ios9.0      -DTHEOS_INSTANCE_NAME="\"XeonPrefs\"" -fmodules -fcxx-modules -fmodule-name=XeonPrefs -fbuild-session-file=/Users/soongyukwon/Documents/Github.nosync/Xeon/.theos/build_session -fmodules-prune-after=345600 -fmodules-prune-interval=86400 -fmodules-validate-once-per-build-session  -arch arm64e -F/Applications/Xcode.app/Contents/Developer/Platforms/iPhoneOS.platform/Developer/SDKs/iPhoneOS15.5.sdk/System/Library/PrivateFrameworks -F/Users/soongyukwon/theos/vendor/lib -F/Users/soongyukwon/theos/lib     IconThemes.m -o /Users/soongyukwon/Documents/Github.nosync/Xeon/.theos/obj/arm64e/IconThemes.m.545bace7.o)
(mkdir -p /Users/soongyukwon/Documents/Github.nosync/Xeon/.theos/obj/arm64e/)
(printf "\e[0;3%im==> \e[1;39m%s…\e[m\n" 2 "Compiling XENCommon.m (arm64e)"); set -o pipefail; (/Applications/Xcode.app/Contents/Developer/Toolchains/XcodeDefault.xctoolchain/usr/bin/clang++ -x objective-c -c -I/Users/soongyukwon/theos/include -I/Users/soongyukwon/theos/vendor/include -I/Users/soongyukwon/theos/include/_fallback -include /Users/soongyukwon/theos/Prefix.pch -MT /Users/soongyukwon/Documents/Github.nosync/Xeon/.theos/obj/arm64e/XENCommon.m.545bace7.o -MMD -MP -MF "/Users/soongyukwon/Documents/Github.nosync/Xeon/.theos/obj/arm64e/XENCommon.m.545bace7.Td" -fcolor-diagnostics -DTARGET_IPHONE=1 -Os -Wall -ggdb -Werror -isysroot "/Applications/Xcode.app/Contents/Developer/Platforms/iPhoneOS.platform/Developer/SDKs/iPhoneOS15.5.sdk" -target arm64e-apple-ios9.0      -DTHEOS_INSTANCE_NAME="\"XeonPrefs\"" -fmodules -fcxx-modules -fmodule-name=XeonPrefs -fbuild-session-file=/Users/soongyukwon/Documents/Github.nosync/Xeon/.theos/build_session -fmodules-prune-after=345600 -fmodules-prune-interval=86400 -fmodules-validate-once-per-build-session  -arch arm64e -F/Applications/Xcode.app/Contents/Developer/Platforms/iPhoneOS.platform/Developer/SDKs/iPhoneOS15.5.sdk/System/Library/PrivateFrameworks -F/Users/soongyukwon/theos/vendor/lib -F/Users/soongyukwon/theos/lib     XENCommon.m -o /Users/soongyukwon/Documents/Github.nosync/Xeon/.theos/obj/arm64e/XENCommon.m.545bace7.o)
(mkdir -p /Users/soongyukwon/Documents/Github.nosync/Xeon/.theos/obj/arm64e/)
(printf "\e[0;3%im==> \e[1;39m%s…\e[m\n" 2 "Compiling GIFThemes.m (arm64e)"); set -o pipefail; (/Applications/Xcode.app/Contents/Developer/Toolchains/XcodeDefault.xctoolchain/usr/bin/clang++ -x objective-c -c -I/Users/soongyukwon/theos/include -I/Users/soongyukwon/theos/vendor/include -I/Users/soongyukwon/theos/include/_fallback -include /Users/soongyukwon/theos/Prefix.pch -MT /Users/soongyukwon/Documents/Github.nosync/Xeon/.theos/obj/arm64e/GIFThemes.m.545bace7.o -MMD -MP -MF "/Users/soongyukwon/Documents/Github.nosync/Xeon/.theos/obj/arm64e/GIFThemes.m.545bace7.Td" -fcolor-diagnostics -DTARGET_IPHONE=1 -Os -Wall -ggdb -Werror -isysroot "/Applications/Xcode.app/Contents/Developer/Platforms/iPhoneOS.platform/Developer/SDKs/iPhoneOS15.5.sdk" -target arm64e-apple-ios9.0      -DTHEOS_INSTANCE_NAME="\"XeonPrefs\"" -fmodules -fcxx-modules -fmodule-name=XeonPrefs -fbuild-session-file=/Users/soongyukwon/Documents/Github.nosync/Xeon/.theos/build_session -fmodules-prune-after=345600 -fmodules-prune-interval=86400 -fmodules-validate-once-per-build-session  -arch arm64e -F/Applications/Xcode.app/Contents/Developer/Platforms/iPhoneOS.platform/Developer/SDKs/iPhoneOS15.5.sdk/System/Library/PrivateFrameworks -F/Users/soongyukwon/theos/vendor/lib -F/Users/soongyukwon/theos/lib     GIFThemes.m -o /Users/soongyukwon/Documents/Github.nosync/Xeon/.theos/obj/arm64e/GIFThemes.m.545bace7.o)
(mkdir -p /Users/soongyukwon/Documents/Github.nosync/Xeon/.theos/obj/arm64e/)
(printf "\e[0;3%im==> \e[1;39m%s…\e[m\n" 2 "Compiling XENGIFCommon.m (arm64e)"); set -o pipefail; (/Applications/Xcode.app/Contents/Developer/Toolchains/XcodeDefault.xctoolchain/usr/bin/clang++ -x objective-c -c -I/Users/soongyukwon/theos/include -I/Users/soongyukwon/theos/vendor/include -I/Users/soongyukwon/theos/include/_fallback -include /Users/soongyukwon/theos/Prefix.pch -MT /Users/soongyukwon/Documents/Github.nosync/Xeon/.theos/obj/arm64e/XENGIFCommon.m.545bace7.o -MMD -MP -MF "/Users/soongyukwon/Documents/Github.nosync/Xeon/.theos/obj/arm64e/XENGIFCommon.m.545bace7.Td" -fcolor-diagnostics -DTARGET_IPHONE=1 -Os -Wall -ggdb -Werror -isysroot "/Applications/Xcode.app/Contents/Developer/Platforms/iPhoneOS.platform/Developer/SDKs/iPhoneOS15.5.sdk" -target arm64e-apple-ios9.0      -DTHEOS_INSTANCE_NAME="\"XeonPrefs\"" -fmodules -fcxx-modules -fmodule-name=XeonPrefs -fbuild-session-file=/Users/soongyukwon/Documents/Github.nosync/Xeon/.theos/build_session -fmodules-prune-after=345600 -fmodules-prune-interval=86400 -fmodules-validate-once-per-build-session  -arch arm64e -F/Applications/Xcode.app/Contents/Developer/Platforms/iPhoneOS.platform/Developer/SDKs/iPhoneOS15.5.sdk/System/Library/PrivateFrameworks -F/Users/soongyukwon/theos/vendor/lib -F/Users/soongyukwon/theos/lib     XENGIFCommon.m -o /Users/soongyukwon/Documents/Github.nosync/Xeon/.theos/obj/arm64e/XENGIFCommon.m.545bace7.o)
(mkdir -p /Users/soongyukwon/Documents/Github.nosync/Xeon/.theos/obj/arm64e/../headers/)
 
(printf "\e[0;3%im==> \e[1;39m%s…\e[m\n" 2 "Compiling ../headers/UIImage+ScaledImage.m (arm64e)"); set -o pipefail; (/Applications/Xcode.app/Contents/Developer/Toolchains/XcodeDefault.xctoolchain/usr/bin/clang++ -x objective-c -c -I/Users/soongyukwon/theos/include -I/Users/soongyukwon/theos/vendor/include -I/Users/soongyukwon/theos/include/_fallback -include /Users/soongyukwon/theos/Prefix.pch -MT /Users/soongyukwon/Documents/Github.nosync/Xeon/.theos/obj/arm64e/../headers/UIImage+ScaledImage.m.545bace7.o -MMD -MP -MF "/Users/soongyukwon/Documents/Github.nosync/Xeon/.theos/obj/arm64e/../headers/UIImage+ScaledImage.m.545bace7.Td" -fcolor-diagnostics -DTARGET_IPHONE=1 -Os -Wall -ggdb -Werror -isysroot "/Applications/Xcode.app/Contents/Developer/Platforms/iPhoneOS.platform/Developer/SDKs/iPhoneOS15.5.sdk" -target arm64e-apple-ios9.0      -DTHEOS_INSTANCE_NAME="\"XeonPrefs\"" -fmodules -fcxx-modules -fmodule-name=XeonPrefs -fbuild-session-file=/Users/soongyukwon/Documents/Github.nosync/Xeon/.theos/build_session -fmodules-prune-after=345600 -fmodules-prune-interval=86400 -fmodules-validate-once-per-build-session  -arch arm64e -F/Applications/Xcode.app/Contents/Developer/Platforms/iPhoneOS.platform/Developer/SDKs/iPhoneOS15.5.sdk/System/Library/PrivateFrameworks -F/Users/soongyukwon/theos/vendor/lib -F/Users/soongyukwon/theos/lib     ../headers/UIImage+ScaledImage.m -o /Users/soongyukwon/Documents/Github.nosync/Xeon/.theos/obj/arm64e/../headers/UIImage+ScaledImage.m.545bace7.o)
 
(mkdir -p /Users/soongyukwon/Documents/Github.nosync/Xeon/.theos/obj/arm64e/XeonPrefs.bundle)
 
(printf "\e[0;3%im==> \e[1;39m%s…\e[m\n" 3 "Linking bundle XeonPrefs (arm64e)"); set -o pipefail; (/Applications/Xcode.app/Contents/Developer/Toolchains/XcodeDefault.xctoolchain/usr/bin/clang++ -fcolor-diagnostics -L/Users/soongyukwon/theos/lib -ggdb -L/Users/soongyukwon/theos/vendor/lib -lobjc -framework Foundation -framework CoreFoundation  -framework UIKit  -limagepicker -F/Applications/Xcode.app/Contents/Developer/Platforms/iPhoneOS.platform/Developer/SDKs/iPhoneOS15.5.sdk/System/Library/PrivateFrameworks  -framework Preferences -F/Users/soongyukwon/theos/vendor/lib -F/Users/soongyukwon/theos/lib  -framework Cephei -framework CepheiPrefs      -dynamiclib  -isysroot "/Applications/Xcode.app/Contents/Developer/Platforms/iPhoneOS.platform/Developer/SDKs/iPhoneOS15.5.sdk" -target arm64e-apple-ios9.0  -multiply_defined suppress -stdlib=libc++ -lc++  -arch arm64e   -o "/Users/soongyukwon/Documents/Github.nosync/Xeon/.theos/obj/arm64e/XeonPrefs.bundle/XeonPrefs" /Users/soongyukwon/Documents/Github.nosync/Xeon/.theos/obj/arm64e/XENRootListController.m.545bace7.o /Users/soongyukwon/Documents/Github.nosync/Xeon/.theos/obj/arm64e/XENCreditListController.m.545bace7.o /Users/soongyukwon/Documents/Github.nosync/Xeon/.theos/obj/arm64e/IconThemes.m.545bace7.o /Users/soongyukwon/Documents/Github.nosync/Xeon/.theos/obj/arm64e/XENCommon.m.545bace7.o /Users/soongyukwon/Documents/Github.nosync/Xeon/.theos/obj/arm64e/GIFThemes.m.545bace7.o /Users/soongyukwon/Documents/Github.nosync/Xeon/.theos/obj/arm64e/XENGIFCommon.m.545bace7.o /Users/soongyukwon/Documents/Github.nosync/Xeon/.theos/obj/arm64e/../headers/UIImage+ScaledImage.m.545bace7.o)
(printf "\e[0;3%im==> \e[1;39m%s…\e[m\n" 4 "Generating debug symbols for XeonPrefs"); set -o pipefail; (/Applications/Xcode.app/Contents/Developer/Toolchains/XcodeDefault.xctoolchain/usr/bin/dsymutil "/Users/soongyukwon/Documents/Github.nosync/Xeon/.theos/obj/arm64e/XeonPrefs.bundle/XeonPrefs")
(printf "\e[0;3%im==> \e[1;39m%s…\e[m\n" 4 "Stripping XeonPrefs (arm64e)"); set -o pipefail; (/Applications/Xcode.app/Contents/Developer/Toolchains/XcodeDefault.xctoolchain/usr/bin/strip -x "/Users/soongyukwon/Documents/Github.nosync/Xeon/.theos/obj/arm64e/XeonPrefs.bundle/XeonPrefs")
 
(printf "\e[0;3%im==> \e[1;39m%s…\e[m\n" 4 "Merging bundle XeonPrefs"); set -o pipefail; (/Applications/Xcode.app/Contents/Developer/Toolchains/XcodeDefault.xctoolchain/usr/bin/lipo -arch arm64 /Users/soongyukwon/Documents/Github.nosync/Xeon/.theos/obj/arm64/XeonPrefs.bundle/XeonPrefs -arch arm64e /Users/soongyukwon/Documents/Github.nosync/Xeon/.theos/obj/arm64e/XeonPrefs.bundle/XeonPrefs -create -output "/Users/soongyukwon/Documents/Github.nosync/Xeon/.theos/obj/XeonPrefs.bundle/XeonPrefs.47ba6b93.unsigned")
(printf "\e[0;3%im==> \e[1;39m%s…\e[m\n" 4 "Signing XeonPrefs"); set -o pipefail; (CODESIGN_ALLOCATE=/Applications/Xcode.app/Contents/Developer/Toolchains/XcodeDefault.xctoolchain/usr/bin/codesign_allocate  ldid -S "/Users/soongyukwon/Documents/Github.nosync/Xeon/.theos/obj/XeonPrefs.bundle/XeonPrefs.47ba6b93.unsigned" && mv "/Users/soongyukwon/Documents/Github.nosync/Xeon/.theos/obj/XeonPrefs.bundle/XeonPrefs.47ba6b93.unsigned" "/Users/soongyukwon/Documents/Github.nosync/Xeon/.theos/obj/XeonPrefs.bundle/XeonPrefs")
rm /Users/soongyukwon/Documents/Github.nosync/Xeon/.theos/obj/XeonPrefs.bundle/XeonPrefs.47ba6b93.unsigned
 
:
 
:
 
make: Leaving directory `/Users/soongyukwon/Documents/Github.nosync/Xeon'
 
